2015-11-05 09:19:28,323 [Worker-0] INFO  o.e.m.c.i.l.LifecycleMappingFactory - Using org.eclipse.m2e.jdt.JarLifecycleMapping lifecycle mapping for MavenProject: fr.master.wi:semweb:0.0.1-SNAPSHOT @ /Users/zunzunwang/Documents/JAVA_Projet/Semantic_Web/semweb/pom.xml.
2015-11-05 09:19:28,574 [Worker-0] INFO  o.e.m.j.i.AbstractJavaProjectConfigurator - Adding source folder /semweb/src/main/java
2015-11-05 09:19:28,576 [Worker-0] INFO  o.e.m.j.i.AbstractJavaProjectConfigurator - Adding resource folder /semweb/src/main/resources
2015-11-05 09:19:28,577 [Worker-0] INFO  o.e.m.j.i.AbstractJavaProjectConfigurator - Adding source folder /semweb/src/test/java
2015-11-05 09:19:28,577 [Worker-0] INFO  o.e.m.j.i.AbstractJavaProjectConfigurator - Adding resource folder /semweb/src/test/resources
2015-11-05 09:19:29,803 [Worker-0] INFO  o.e.m.c.i.l.LifecycleMappingFactory - Using org.eclipse.m2e.jdt.JarLifecycleMapping lifecycle mapping for MavenProject: fr.master.wi:semweb:0.0.1-SNAPSHOT @ /Users/zunzunwang/Documents/JAVA_Projet/Semantic_Web/semweb/pom.xml.
2015-11-05 09:19:30,698 [Worker-2] INFO  o.e.m.c.i.l.LifecycleMappingFactory - Using org.eclipse.m2e.jdt.JarLifecycleMapping lifecycle mapping for MavenProject: fr.master.wi:semweb:0.0.1-SNAPSHOT @ /Users/zunzunwang/Documents/JAVA_Projet/Semantic_Web/semweb/pom.xml.
2015-11-05 09:19:30,841 [Worker-2] WARN  o.e.m.c.i.embedder.EclipseLogger - Using platform encoding (UTF-8 actually) to copy filtered resources, i.e. build is platform dependent!
2015-11-05 09:19:30,886 [Worker-2] INFO  o.e.m.c.i.embedder.EclipseLogger - Copying 0 resource
2015-11-05 09:19:30,890 [Worker-2] WARN  o.e.m.c.i.embedder.EclipseLogger - Using platform encoding (UTF-8 actually) to copy filtered resources, i.e. build is platform dependent!
2015-11-05 09:19:30,891 [Worker-2] INFO  o.e.m.c.i.embedder.EclipseLogger - Copying 0 resource
2015-11-05 09:19:31,959 [Worker-2] INFO  o.e.m.c.i.l.LifecycleMappingFactory - Using org.eclipse.m2e.jdt.JarLifecycleMapping lifecycle mapping for MavenProject: fr.master.wi:semweb:0.0.1-SNAPSHOT @ /Users/zunzunwang/Documents/JAVA_Projet/Semantic_Web/semweb/pom.xml.
2015-11-05 09:19:33,016 [Worker-6] WARN  o.e.m.c.i.embedder.EclipseLogger - Using platform encoding (UTF-8 actually) to copy filtered resources, i.e. build is platform dependent!
2015-11-05 09:19:33,026 [Worker-6] INFO  o.e.m.c.i.embedder.EclipseLogger - Copying 0 resource
2015-11-05 09:19:33,028 [Worker-6] WARN  o.e.m.c.i.embedder.EclipseLogger - Using platform encoding (UTF-8 actually) to copy filtered resources, i.e. build is platform dependent!
2015-11-05 09:19:33,029 [Worker-6] INFO  o.e.m.c.i.embedder.EclipseLogger - Copying 0 resource
2015-11-05 09:26:01,178 [Worker-2] INFO  o.e.m.c.i.l.LifecycleMappingFactory - Using org.eclipse.m2e.jdt.JarLifecycleMapping lifecycle mapping for MavenProject: fr.master.wi:semweb:0.0.1-SNAPSHOT @ /Users/zunzunwang/Documents/JAVA_Projet/Semantic_Web/semweb/pom.xml.
2015-11-05 09:26:01,674 [Worker-2] WARN  o.e.m.c.i.embedder.EclipseLogger - Using platform encoding (UTF-8 actually) to copy filtered resources, i.e. build is platform dependent!
2015-11-05 09:26:01,675 [Worker-2] INFO  o.e.m.c.i.embedder.EclipseLogger - Copying 0 resource
2015-11-05 09:26:01,677 [Worker-2] WARN  o.e.m.c.i.embedder.EclipseLogger - Using platform encoding (UTF-8 actually) to copy filtered resources, i.e. build is platform dependent!
2015-11-05 09:26:01,678 [Worker-2] INFO  o.e.m.c.i.embedder.EclipseLogger - Copying 0 resource
2015-11-05 09:51:05,714 [Worker-12] WARN  o.e.m.c.i.embedder.EclipseLogger - Using platform encoding (UTF-8 actually) to copy filtered resources, i.e. build is platform dependent!
2015-11-05 09:51:05,719 [Worker-12] INFO  o.e.m.c.i.embedder.EclipseLogger - Copying 0 resource
2015-11-05 09:51:05,721 [Worker-12] WARN  o.e.m.c.i.embedder.EclipseLogger - Using platform encoding (UTF-8 actually) to copy filtered resources, i.e. build is platform dependent!
2015-11-05 09:51:05,722 [Worker-12] INFO  o.e.m.c.i.embedder.EclipseLogger - Copying 0 resource
2015-11-05 09:51:06,755 [Worker-11] WARN  o.e.m.c.i.embedder.EclipseLogger - Using platform encoding (UTF-8 actually) to copy filtered resources, i.e. build is platform dependent!
2015-11-05 09:51:06,756 [Worker-11] INFO  o.e.m.c.i.embedder.EclipseLogger - Copying 0 resource
2015-11-05 09:51:06,758 [Worker-11] WARN  o.e.m.c.i.embedder.EclipseLogger - Using platform encoding (UTF-8 actually) to copy filtered resources, i.e. build is platform dependent!
2015-11-05 09:51:06,764 [Worker-11] INFO  o.e.m.c.i.embedder.EclipseLogger - Copying 0 resource
2015-11-05 09:51:36,622 [Worker-14] WARN  o.e.m.c.i.embedder.EclipseLogger - Using platform encoding (UTF-8 actually) to copy filtered resources, i.e. build is platform dependent!
2015-11-05 09:51:36,624 [Worker-14] INFO  o.e.m.c.i.embedder.EclipseLogger - Copying 0 resource
2015-11-05 09:51:36,626 [Worker-14] WARN  o.e.m.c.i.embedder.EclipseLogger - Using platform encoding (UTF-8 actually) to copy filtered resources, i.e. build is platform dependent!
2015-11-05 09:51:36,626 [Worker-14] INFO  o.e.m.c.i.embedder.EclipseLogger - Copying 0 resource
2015-11-05 09:51:45,803 [Worker-13] INFO  o.e.m.c.i.l.LifecycleMappingFactory - Using org.eclipse.m2e.jdt.JarLifecycleMapping lifecycle mapping for MavenProject: fr.master.wi:semweb:0.0.1-SNAPSHOT @ /Users/zunzunwang/Documents/JAVA_Projet/Semantic_Web/semweb/pom.xml.
2015-11-05 09:51:46,112 [Worker-13] WARN  o.e.m.c.i.embedder.EclipseLogger - Using platform encoding (UTF-8 actually) to copy filtered resources, i.e. build is platform dependent!
2015-11-05 09:51:46,112 [Worker-13] INFO  o.e.m.c.i.embedder.EclipseLogger - Copying 0 resource
2015-11-05 09:51:46,114 [Worker-13] WARN  o.e.m.c.i.embedder.EclipseLogger - Using platform encoding (UTF-8 actually) to copy filtered resources, i.e. build is platform dependent!
2015-11-05 09:51:46,115 [Worker-13] INFO  o.e.m.c.i.embedder.EclipseLogger - Copying 0 resource
2015-11-05 10:06:27,666 [Worker-14] WARN  o.e.m.c.i.embedder.EclipseLogger - Using platform encoding (UTF-8 actually) to copy filtered resources, i.e. build is platform dependent!
2015-11-05 10:06:27,672 [Worker-14] INFO  o.e.m.c.i.embedder.EclipseLogger - Copying 0 resource
2015-11-05 10:06:27,673 [Worker-14] WARN  o.e.m.c.i.embedder.EclipseLogger - Using platform encoding (UTF-8 actually) to copy filtered resources, i.e. build is platform dependent!
2015-11-05 10:06:27,676 [Worker-14] INFO  o.e.m.c.i.embedder.EclipseLogger - Copying 0 resource
2015-11-05 10:06:41,384 [Worker-17] WARN  o.e.m.c.i.embedder.EclipseLogger - Using platform encoding (UTF-8 actually) to copy filtered resources, i.e. build is platform dependent!
2015-11-05 10:06:41,386 [Worker-17] INFO  o.e.m.c.i.embedder.EclipseLogger - Copying 0 resource
2015-11-05 10:06:41,387 [Worker-17] WARN  o.e.m.c.i.embedder.EclipseLogger - Using platform encoding (UTF-8 actually) to copy filtered resources, i.e. build is platform dependent!
2015-11-05 10:06:41,388 [Worker-17] INFO  o.e.m.c.i.embedder.EclipseLogger - Copying 0 resource
2015-11-05 10:18:56,661 [Worker-22] WARN  o.e.m.c.i.embedder.EclipseLogger - Using platform encoding (UTF-8 actually) to copy filtered resources, i.e. build is platform dependent!
2015-11-05 10:18:56,662 [Worker-22] INFO  o.e.m.c.i.embedder.EclipseLogger - Copying 0 resource
2015-11-05 10:18:56,664 [Worker-22] WARN  o.e.m.c.i.embedder.EclipseLogger - Using platform encoding (UTF-8 actually) to copy filtered resources, i.e. build is platform dependent!
2015-11-05 10:18:56,665 [Worker-22] INFO  o.e.m.c.i.embedder.EclipseLogger - Copying 0 resource
2015-11-05 10:19:18,469 [Worker-9] WARN  o.e.m.c.i.embedder.EclipseLogger - Using platform encoding (UTF-8 actually) to copy filtered resources, i.e. build is platform dependent!
2015-11-05 10:19:18,470 [Worker-9] INFO  o.e.m.c.i.embedder.EclipseLogger - Copying 0 resource
2015-11-05 10:19:18,472 [Worker-9] WARN  o.e.m.c.i.embedder.EclipseLogger - Using platform encoding (UTF-8 actually) to copy filtered resources, i.e. build is platform dependent!
2015-11-05 10:19:18,473 [Worker-9] INFO  o.e.m.c.i.embedder.EclipseLogger - Copying 0 resource
2015-11-05 10:20:37,780 [Worker-14] WARN  o.e.m.c.i.embedder.EclipseLogger - Using platform encoding (UTF-8 actually) to copy filtered resources, i.e. build is platform dependent!
2015-11-05 10:20:37,781 [Worker-14] INFO  o.e.m.c.i.embedder.EclipseLogger - Copying 0 resource
2015-11-05 10:20:37,783 [Worker-14] WARN  o.e.m.c.i.embedder.EclipseLogger - Using platform encoding (UTF-8 actually) to copy filtered resources, i.e. build is platform dependent!
2015-11-05 10:20:37,783 [Worker-14] INFO  o.e.m.c.i.embedder.EclipseLogger - Copying 0 resource
2015-11-05 10:47:51,856 [Worker-26] WARN  o.e.m.c.i.embedder.EclipseLogger - Using platform encoding (UTF-8 actually) to copy filtered resources, i.e. build is platform dependent!
2015-11-05 10:47:51,857 [Worker-26] INFO  o.e.m.c.i.embedder.EclipseLogger - Copying 0 resource
2015-11-05 10:47:51,859 [Worker-26] WARN  o.e.m.c.i.embedder.EclipseLogger - Using platform encoding (UTF-8 actually) to copy filtered resources, i.e. build is platform dependent!
2015-11-05 10:47:51,859 [Worker-26] INFO  o.e.m.c.i.embedder.EclipseLogger - Copying 0 resource
2015-11-05 10:48:05,183 [Worker-23] WARN  o.e.m.c.i.embedder.EclipseLogger - Using platform encoding (UTF-8 actually) to copy filtered resources, i.e. build is platform dependent!
2015-11-05 10:48:05,184 [Worker-23] INFO  o.e.m.c.i.embedder.EclipseLogger - Copying 0 resource
2015-11-05 10:48:05,186 [Worker-23] WARN  o.e.m.c.i.embedder.EclipseLogger - Using platform encoding (UTF-8 actually) to copy filtered resources, i.e. build is platform dependent!
2015-11-05 10:48:05,187 [Worker-23] INFO  o.e.m.c.i.embedder.EclipseLogger - Copying 0 resource
2015-11-05 10:51:40,367 [Worker-28] WARN  o.e.m.c.i.embedder.EclipseLogger - Using platform encoding (UTF-8 actually) to copy filtered resources, i.e. build is platform dependent!
2015-11-05 10:51:40,369 [Worker-28] INFO  o.e.m.c.i.embedder.EclipseLogger - Copying 0 resource
2015-11-05 10:51:40,370 [Worker-28] WARN  o.e.m.c.i.embedder.EclipseLogger - Using platform encoding (UTF-8 actually) to copy filtered resources, i.e. build is platform dependent!
2015-11-05 10:51:40,371 [Worker-28] INFO  o.e.m.c.i.embedder.EclipseLogger - Copying 0 resource
2015-11-05 10:51:45,969 [Worker-24] WARN  o.e.m.c.i.embedder.EclipseLogger - Using platform encoding (UTF-8 actually) to copy filtered resources, i.e. build is platform dependent!
2015-11-05 10:51:45,969 [Worker-24] INFO  o.e.m.c.i.embedder.EclipseLogger - Copying 0 resource
2015-11-05 10:51:45,971 [Worker-24] WARN  o.e.m.c.i.embedder.EclipseLogger - Using platform encoding (UTF-8 actually) to copy filtered resources, i.e. build is platform dependent!
2015-11-05 10:51:45,972 [Worker-24] INFO  o.e.m.c.i.embedder.EclipseLogger - Copying 0 resource
2015-11-05 10:53:06,002 [Worker-23] WARN  o.e.m.c.i.embedder.EclipseLogger - Using platform encoding (UTF-8 actually) to copy filtered resources, i.e. build is platform dependent!
2015-11-05 10:53:06,005 [Worker-23] INFO  o.e.m.c.i.embedder.EclipseLogger - Copying 0 resource
2015-11-05 10:53:06,007 [Worker-23] WARN  o.e.m.c.i.embedder.EclipseLogger - Using platform encoding (UTF-8 actually) to copy filtered resources, i.e. build is platform dependent!
2015-11-05 10:53:06,008 [Worker-23] INFO  o.e.m.c.i.embedder.EclipseLogger - Copying 0 resource
2015-11-05 11:07:29,622 [Worker-32] WARN  o.e.m.c.i.embedder.EclipseLogger - Using platform encoding (UTF-8 actually) to copy filtered resources, i.e. build is platform dependent!
2015-11-05 11:07:29,627 [Worker-32] INFO  o.e.m.c.i.embedder.EclipseLogger - Copying 0 resource
2015-11-05 11:07:29,629 [Worker-32] WARN  o.e.m.c.i.embedder.EclipseLogger - Using platform encoding (UTF-8 actually) to copy filtered resources, i.e. build is platform dependent!
2015-11-05 11:07:29,630 [Worker-32] INFO  o.e.m.c.i.embedder.EclipseLogger - Copying 0 resource
2015-11-05 11:20:59,684 [Worker-29] WARN  o.e.m.c.i.embedder.EclipseLogger - Using platform encoding (UTF-8 actually) to copy filtered resources, i.e. build is platform dependent!
2015-11-05 11:20:59,689 [Worker-29] INFO  o.e.m.c.i.embedder.EclipseLogger - Copying 0 resource
2015-11-05 11:20:59,690 [Worker-29] WARN  o.e.m.c.i.embedder.EclipseLogger - Using platform encoding (UTF-8 actually) to copy filtered resources, i.e. build is platform dependent!
2015-11-05 11:20:59,693 [Worker-29] INFO  o.e.m.c.i.embedder.EclipseLogger - Copying 0 resource
2015-11-05 11:21:08,940 [Worker-29] WARN  o.e.m.c.i.embedder.EclipseLogger - Using platform encoding (UTF-8 actually) to copy filtered resources, i.e. build is platform dependent!
2015-11-05 11:21:08,941 [Worker-29] INFO  o.e.m.c.i.embedder.EclipseLogger - Copying 0 resource
2015-11-05 11:21:08,947 [Worker-29] WARN  o.e.m.c.i.embedder.EclipseLogger - Using platform encoding (UTF-8 actually) to copy filtered resources, i.e. build is platform dependent!
2015-11-05 11:21:08,948 [Worker-29] INFO  o.e.m.c.i.embedder.EclipseLogger - Copying 0 resource
2015-11-05 11:29:19,393 [Worker-40] WARN  o.e.m.c.i.embedder.EclipseLogger - Using platform encoding (UTF-8 actually) to copy filtered resources, i.e. build is platform dependent!
2015-11-05 11:29:19,395 [Worker-40] INFO  o.e.m.c.i.embedder.EclipseLogger - Copying 0 resource
2015-11-05 11:29:19,397 [Worker-40] WARN  o.e.m.c.i.embedder.EclipseLogger - Using platform encoding (UTF-8 actually) to copy filtered resources, i.e. build is platform dependent!
2015-11-05 11:29:19,397 [Worker-40] INFO  o.e.m.c.i.embedder.EclipseLogger - Copying 0 resource
2015-11-05 11:29:46,397 [Worker-40] WARN  o.e.m.c.i.embedder.EclipseLogger - Using platform encoding (UTF-8 actually) to copy filtered resources, i.e. build is platform dependent!
2015-11-05 11:29:46,398 [Worker-40] INFO  o.e.m.c.i.embedder.EclipseLogger - Copying 0 resource
2015-11-05 11:29:46,400 [Worker-40] WARN  o.e.m.c.i.embedder.EclipseLogger - Using platform encoding (UTF-8 actually) to copy filtered resources, i.e. build is platform dependent!
2015-11-05 11:29:46,403 [Worker-40] INFO  o.e.m.c.i.embedder.EclipseLogger - Copying 0 resource
2015-11-05 11:30:40,787 [Worker-39] WARN  o.e.m.c.i.embedder.EclipseLogger - Using platform encoding (UTF-8 actually) to copy filtered resources, i.e. build is platform dependent!
2015-11-05 11:30:40,788 [Worker-39] INFO  o.e.m.c.i.embedder.EclipseLogger - Copying 0 resource
2015-11-05 11:30:40,790 [Worker-39] WARN  o.e.m.c.i.embedder.EclipseLogger - Using platform encoding (UTF-8 actually) to copy filtered resources, i.e. build is platform dependent!
2015-11-05 11:30:40,791 [Worker-39] INFO  o.e.m.c.i.embedder.EclipseLogger - Copying 0 resource
2015-11-05 11:32:38,409 [Worker-37] WARN  o.e.m.c.i.embedder.EclipseLogger - Using platform encoding (UTF-8 actually) to copy filtered resources, i.e. build is platform dependent!
2015-11-05 11:32:38,410 [Worker-37] INFO  o.e.m.c.i.embedder.EclipseLogger - Copying 0 resource
2015-11-05 11:32:38,412 [Worker-37] WARN  o.e.m.c.i.embedder.EclipseLogger - Using platform encoding (UTF-8 actually) to copy filtered resources, i.e. build is platform dependent!
2015-11-05 11:32:38,415 [Worker-37] INFO  o.e.m.c.i.embedder.EclipseLogger - Copying 0 resource
2015-11-05 11:33:05,700 [Worker-41] WARN  o.e.m.c.i.embedder.EclipseLogger - Using platform encoding (UTF-8 actually) to copy filtered resources, i.e. build is platform dependent!
2015-11-05 11:33:05,700 [Worker-41] INFO  o.e.m.c.i.embedder.EclipseLogger - Copying 0 resource
2015-11-05 11:33:05,703 [Worker-41] WARN  o.e.m.c.i.embedder.EclipseLogger - Using platform encoding (UTF-8 actually) to copy filtered resources, i.e. build is platform dependent!
2015-11-05 11:33:05,705 [Worker-41] INFO  o.e.m.c.i.embedder.EclipseLogger - Copying 0 resource
2015-11-05 11:33:21,815 [Worker-40] WARN  o.e.m.c.i.embedder.EclipseLogger - Using platform encoding (UTF-8 actually) to copy filtered resources, i.e. build is platform dependent!
2015-11-05 11:33:21,816 [Worker-40] INFO  o.e.m.c.i.embedder.EclipseLogger - Copying 0 resource
2015-11-05 11:33:21,817 [Worker-40] WARN  o.e.m.c.i.embedder.EclipseLogger - Using platform encoding (UTF-8 actually) to copy filtered resources, i.e. build is platform dependent!
2015-11-05 11:33:21,819 [Worker-40] INFO  o.e.m.c.i.embedder.EclipseLogger - Copying 0 resource
2015-11-05 11:35:28,301 [Worker-43] WARN  o.e.m.c.i.embedder.EclipseLogger - Using platform encoding (UTF-8 actually) to copy filtered resources, i.e. build is platform dependent!
2015-11-05 11:35:28,301 [Worker-43] INFO  o.e.m.c.i.embedder.EclipseLogger - Copying 0 resource
2015-11-05 11:35:28,303 [Worker-43] WARN  o.e.m.c.i.embedder.EclipseLogger - Using platform encoding (UTF-8 actually) to copy filtered resources, i.e. build is platform dependent!
2015-11-05 11:35:28,305 [Worker-43] INFO  o.e.m.c.i.embedder.EclipseLogger - Copying 0 resource
2015-11-05 11:35:51,647 [Worker-29] WARN  o.e.m.c.i.embedder.EclipseLogger - Using platform encoding (UTF-8 actually) to copy filtered resources, i.e. build is platform dependent!
2015-11-05 11:35:51,648 [Worker-29] INFO  o.e.m.c.i.embedder.EclipseLogger - Copying 0 resource
2015-11-05 11:35:51,651 [Worker-29] WARN  o.e.m.c.i.embedder.EclipseLogger - Using platform encoding (UTF-8 actually) to copy filtered resources, i.e. build is platform dependent!
2015-11-05 11:35:51,651 [Worker-29] INFO  o.e.m.c.i.embedder.EclipseLogger - Copying 0 resource
2015-11-05 11:36:16,815 [Worker-37] WARN  o.e.m.c.i.embedder.EclipseLogger - Using platform encoding (UTF-8 actually) to copy filtered resources, i.e. build is platform dependent!
2015-11-05 11:36:16,816 [Worker-37] INFO  o.e.m.c.i.embedder.EclipseLogger - Copying 0 resource
2015-11-05 11:36:16,817 [Worker-37] WARN  o.e.m.c.i.embedder.EclipseLogger - Using platform encoding (UTF-8 actually) to copy filtered resources, i.e. build is platform dependent!
2015-11-05 11:36:16,819 [Worker-37] INFO  o.e.m.c.i.embedder.EclipseLogger - Copying 0 resource
2015-11-05 11:37:01,404 [Worker-41] WARN  o.e.m.c.i.embedder.EclipseLogger - Using platform encoding (UTF-8 actually) to copy filtered resources, i.e. build is platform dependent!
2015-11-05 11:37:01,405 [Worker-41] INFO  o.e.m.c.i.embedder.EclipseLogger - Copying 0 resource
2015-11-05 11:37:01,408 [Worker-41] WARN  o.e.m.c.i.embedder.EclipseLogger - Using platform encoding (UTF-8 actually) to copy filtered resources, i.e. build is platform dependent!
2015-11-05 11:37:01,409 [Worker-41] INFO  o.e.m.c.i.embedder.EclipseLogger - Copying 0 resource
2015-11-05 11:37:37,426 [Worker-40] WARN  o.e.m.c.i.embedder.EclipseLogger - Using platform encoding (UTF-8 actually) to copy filtered resources, i.e. build is platform dependent!
2015-11-05 11:37:37,427 [Worker-40] INFO  o.e.m.c.i.embedder.EclipseLogger - Copying 0 resource
2015-11-05 11:37:37,428 [Worker-40] WARN  o.e.m.c.i.embedder.EclipseLogger - Using platform encoding (UTF-8 actually) to copy filtered resources, i.e. build is platform dependent!
2015-11-05 11:37:37,430 [Worker-40] INFO  o.e.m.c.i.embedder.EclipseLogger - Copying 0 resource
2015-11-05 11:37:45,538 [Worker-41] WARN  o.e.m.c.i.embedder.EclipseLogger - Using platform encoding (UTF-8 actually) to copy filtered resources, i.e. build is platform dependent!
2015-11-05 11:37:45,539 [Worker-41] INFO  o.e.m.c.i.embedder.EclipseLogger - Copying 0 resource
2015-11-05 11:37:45,540 [Worker-41] WARN  o.e.m.c.i.embedder.EclipseLogger - Using platform encoding (UTF-8 actually) to copy filtered resources, i.e. build is platform dependent!
2015-11-05 11:37:45,542 [Worker-41] INFO  o.e.m.c.i.embedder.EclipseLogger - Copying 0 resource
